37988
37988
37988
37988
37988
37988
37988
37988
37988
37988
37988
37988
37988
37988
37988
37988
37988
37988
37988
37988
37988
37988
37988
37988
37988
37988
37988
37988
37988
37988
37988
37988
37988
37988
37988
37988
37988
37988
37988
37988
37988
37988
37988
37988
37988
37988
37988
37988
37988
37988
37988
37988
37988
37988
37988
37988
37988
37988
37988
37988
37988
37988
37988
37988
37988
37988
37988
37988
37988
37988
37988
37988
37988
37988
37988
37988
37988
37988
37988
37988
37988
37988
37988
37988
37988
37988
37988
37988
37988
37988
37988
37988
37988
